[15-Dec-2017 01:28:49 UTC] PHP Notice:  Undefined index: SERVER_SOFTWARE in phar:///usr/local/bin/wp/php/WP_CLI/Runner.php(1020) : eval()'d code on line 75
[15-Dec-2017 01:28:50 UTC] PHP Notice:  Undefined index: SERVER_SOFTWARE in phar:///usr/local/bin/wp/php/WP_CLI/Runner.php(1020) : eval()'d code on line 75
[15-Dec-2017 01:28:51 UTC] PHP Notice:  Undefined index: SERVER_SOFTWARE in phar:///usr/local/bin/wp/php/WP_CLI/Runner.php(1020) : eval()'d code on line 75
[15-Dec-2017 01:28:51 UTC] PHP Notice:  Undefined index: SERVER_SOFTWARE in phar:///usr/local/bin/wp/php/WP_CLI/Runner.php(1020) : eval()'d code on line 75
[15-Dec-2017 01:28:53 UTC] PHP Notice:  Undefined index: SERVER_SOFTWARE in phar:///usr/local/bin/wp/php/WP_CLI/Runner.php(1020) : eval()'d code on line 75
[15-Dec-2017 01:28:53 UTC] PHP Notice:  Undefined index: SERVER_SOFTWARE in phar:///usr/local/bin/wp/php/WP_CLI/Runner.php(1020) : eval()'d code on line 75
[15-Dec-2017 12:13:27 UTC] PHP Parse error:  syntax error, unexpected '}' in /app/public/wp-content/themes/fictional-university-theme/index.php on line 7
[15-Dec-2017 12:14:31 UTC] PHP Fatal error:  Uncaught Error: Call to undefined function the_article() in /app/public/wp-content/themes/fictional-university-theme/index.php:6
Stack trace:
#0 /app/public/wp-includes/template-loader.php(74): include()
#1 /app/public/wp-blog-header.php(19): require_once('/app/public/wp-...')
#2 /app/public/index.php(17): require('/app/public/wp-...')
#3 {main}
  thrown in /app/public/wp-content/themes/fictional-university-theme/index.php on line 6
[16-Dec-2017 11:36:09 UTC] PHP Notice:  Undefined index: SERVER_SOFTWARE in phar:///usr/local/bin/wp/php/WP_CLI/Runner.php(1020) : eval()'d code on line 75
[16-Dec-2017 12:17:13 UTC] PHP Parse error:  syntax error, unexpected 'wp_enqueue_style' (T_STRING) in /app/public/wp-content/themes/fictional-university-theme/functions.php on line 6
[16-Dec-2017 12:24:08 UTC] PHP Fatal error:  Uncaught Error: Call to undefined function get_them_file_uri() in /app/public/wp-content/themes/fictional-university-theme/index.php:5
Stack trace:
#0 /app/public/wp-includes/template-loader.php(74): include()
#1 /app/public/wp-blog-header.php(19): require_once('/app/public/wp-...')
#2 /app/public/index.php(17): require('/app/public/wp-...')
#3 {main}
  thrown in /app/public/wp-content/themes/fictional-university-theme/index.php on line 5
[16-Dec-2017 12:24:24 UTC] PHP Fatal error:  Uncaught Error: Call to undefined function get_them_file_uri() in /app/public/wp-content/themes/fictional-university-theme/index.php:5
Stack trace:
#0 /app/public/wp-includes/template-loader.php(74): include()
#1 /app/public/wp-blog-header.php(19): require_once('/app/public/wp-...')
#2 /app/public/index.php(17): require('/app/public/wp-...')
#3 {main}
  thrown in /app/public/wp-content/themes/fictional-university-theme/index.php on line 5
[16-Dec-2017 12:25:40 UTC] PHP Fatal error:  Uncaught Error: Call to undefined function get_them_file_uri() in /app/public/wp-content/themes/fictional-university-theme/index.php:5
Stack trace:
#0 /app/public/wp-includes/template-loader.php(74): include()
#1 /app/public/wp-blog-header.php(19): require_once('/app/public/wp-...')
#2 /app/public/index.php(17): require('/app/public/wp-...')
#3 {main}
  thrown in /app/public/wp-content/themes/fictional-university-theme/index.php on line 5
[16-Dec-2017 12:27:01 UTC] PHP Fatal error:  Uncaught Error: Call to undefined function get_them_file_uri() in /app/public/wp-content/themes/fictional-university-theme/index.php:5
Stack trace:
#0 /app/public/wp-includes/template-loader.php(74): include()
#1 /app/public/wp-blog-header.php(19): require_once('/app/public/wp-...')
#2 /app/public/index.php(17): require('/app/public/wp-...')
#3 {main}
  thrown in /app/public/wp-content/themes/fictional-university-theme/index.php on line 5
[16-Dec-2017 12:28:21 UTC] PHP Fatal error:  Uncaught Error: Call to undefined function get_them_file_uri() in /app/public/wp-content/themes/fictional-university-theme/index.php:5
Stack trace:
#0 /app/public/wp-includes/template-loader.php(74): include()
#1 /app/public/wp-blog-header.php(19): require_once('/app/public/wp-...')
#2 /app/public/index.php(17): require('/app/public/wp-...')
#3 {main}
  thrown in /app/public/wp-content/themes/fictional-university-theme/index.php on line 5
[16-Dec-2017 12:30:07 UTC] PHP Fatal error:  Uncaught Error: Call to undefined function get_them_file_uri() in /app/public/wp-content/themes/fictional-university-theme/index.php:5
Stack trace:
#0 /app/public/wp-includes/template-loader.php(74): include()
#1 /app/public/wp-blog-header.php(19): require_once('/app/public/wp-...')
#2 /app/public/index.php(17): require('/app/public/wp-...')
#3 {main}
  thrown in /app/public/wp-content/themes/fictional-university-theme/index.php on line 5
[16-Dec-2017 12:30:11 UTC] PHP Fatal error:  Uncaught Error: Call to undefined function get_them_file_uri() in /app/public/wp-content/themes/fictional-university-theme/index.php:5
Stack trace:
#0 /app/public/wp-includes/template-loader.php(74): include()
#1 /app/public/wp-blog-header.php(19): require_once('/app/public/wp-...')
#2 /app/public/index.php(17): require('/app/public/wp-...')
#3 {main}
  thrown in /app/public/wp-content/themes/fictional-university-theme/index.php on line 5
[16-Dec-2017 12:30:40 UTC] PHP Fatal error:  Uncaught Error: Call to undefined function get_them_file_uri() in /app/public/wp-content/themes/fictional-university-theme/index.php:5
Stack trace:
#0 /app/public/wp-includes/template-loader.php(74): include()
#1 /app/public/wp-blog-header.php(19): require_once('/app/public/wp-...')
#2 /app/public/index.php(17): require('/app/public/wp-...')
#3 {main}
  thrown in /app/public/wp-content/themes/fictional-university-theme/index.php on line 5
[16-Dec-2017 12:34:52 UTC] PHP Fatal error:  Uncaught Error: Call to undefined function get_image_theme_uri() in /app/public/wp-content/themes/fictional-university-theme/index.php:75
Stack trace:
#0 /app/public/wp-includes/template-loader.php(74): include()
#1 /app/public/wp-blog-header.php(19): require_once('/app/public/wp-...')
#2 /app/public/index.php(17): require('/app/public/wp-...')
#3 {main}
  thrown in /app/public/wp-content/themes/fictional-university-theme/index.php on line 75
[16-Dec-2017 12:38:55 UTC] PHP Parse error:  syntax error, unexpected ';', expecting ',' or ')' in /app/public/wp-content/themes/fictional-university-theme/functions.php on line 5
[16-Dec-2017 12:40:45 UTC] PHP Fatal error:  Allowed memory size of 268435456 bytes exhausted (tried to allocate 20480 bytes) in /app/public/wp-includes/class-wp-hook.php on line 288
[16-Dec-2017 12:41:57 UTC] PHP Fatal error:  Allowed memory size of 268435456 bytes exhausted (tried to allocate 20480 bytes) in /app/public/wp-includes/class-wp-hook.php on line 279
[16-Dec-2017 12:42:25 UTC] PHP Fatal error:  Allowed memory size of 268435456 bytes exhausted (tried to allocate 20480 bytes) in /app/public/wp-includes/class-wp-hook.php on line 288
[16-Dec-2017 12:43:23 UTC] PHP Fatal error:  Allowed memory size of 268435456 bytes exhausted (tried to allocate 20480 bytes) in /app/public/wp-includes/class-wp-hook.php on line 288
[16-Dec-2017 12:43:51 UTC] PHP Notice:  Undefined index: SERVER_SOFTWARE in phar:///usr/local/bin/wp/php/WP_CLI/Runner.php(1020) : eval()'d code on line 75
[16-Dec-2017 12:44:18 UTC] PHP Notice:  Undefined index: SERVER_SOFTWARE in phar:///usr/local/bin/wp/php/WP_CLI/Runner.php(1020) : eval()'d code on line 75
[16-Dec-2017 12:47:42 UTC] PHP Fatal error:  Uncaught Error: Call to undefined function get_header() in /app/public/wp-content/themes/fictional-university-theme/index.php:2
Stack trace:
#0 {main}
  thrown in /app/public/wp-content/themes/fictional-university-theme/index.php on line 2
[16-Dec-2017 12:53:47 UTC] PHP Fatal error:  Allowed memory size of 268435456 bytes exhausted (tried to allocate 20480 bytes) in /app/public/wp-includes/class-wp-hook.php on line 288
[16-Dec-2017 12:56:10 UTC] PHP Fatal error:  Allowed memory size of 268435456 bytes exhausted (tried to allocate 20480 bytes) in /app/public/wp-includes/class-wp-hook.php on line 288
[16-Dec-2017 12:56:33 UTC] PHP Fatal error:  Allowed memory size of 268435456 bytes exhausted (tried to allocate 20480 bytes) in /app/public/wp-includes/class-wp-hook.php on line 279
[18-Dec-2017 00:55:11 UTC] PHP Fatal error:  Uncaught ArgumentCountError: Too few arguments to function wp_get_post_parent_id(), 0 passed in /app/public/wp-content/themes/fictional-university-theme/page.php on line 18 and exactly 1 expected in /app/public/wp-includes/post.php:6035
Stack trace:
#0 /app/public/wp-content/themes/fictional-university-theme/page.php(18): wp_get_post_parent_id()
#1 /app/public/wp-includes/template-loader.php(74): include('/app/public/wp-...')
#2 /app/public/wp-blog-header.php(19): require_once('/app/public/wp-...')
#3 /app/public/index.php(17): require('/app/public/wp-...')
#4 {main}
  thrown in /app/public/wp-includes/post.php on line 6035
[19-Dec-2017 00:09:48 UTC] PHP Fatal error:  Uncaught Error: Call to undefined function the_exceprt() in /app/public/wp-content/themes/fictional-university-theme/index.php:26
Stack trace:
#0 /app/public/wp-includes/template-loader.php(74): include()
#1 /app/public/wp-blog-header.php(19): require_once('/app/public/wp-...')
#2 /app/public/index.php(17): require('/app/public/wp-...')
#3 {main}
  thrown in /app/public/wp-content/themes/fictional-university-theme/index.php on line 26
[19-Dec-2017 01:04:36 UTC] PHP Parse error:  syntax error, unexpected 'echo' (T_ECHO) in /app/public/wp-content/themes/fictional-university-theme/archive.php on line 8
[19-Dec-2017 01:06:59 UTC] PHP Fatal error:  Cannot use isset() on the result of an expression (you can use "null !== expression" instead) in /app/public/wp-content/themes/fictional-university-theme/archive.php on line 8
[19-Dec-2017 01:11:51 UTC] PHP Parse error:  syntax error, unexpected 'the_author' (T_STRING) in /app/public/wp-content/themes/fictional-university-theme/archive.php on line 8
[19-Dec-2017 01:13:57 UTC] PHP Parse error:  syntax error, unexpected 'echo' (T_ECHO) in /app/public/wp-content/themes/fictional-university-theme/archive.php on line 8
[19-Dec-2017 02:32:52 UTC] PHP Parse error:  syntax error, unexpected ')' in /app/public/wp-content/themes/fictional-university-theme/front-page.php on line 67
