2017-12-15 01:28:27 29 [Warning] Using unique option prefix myisam-recover instead of myisam-recover-options is deprecated and will be removed in a future release. Please use the full name instead.
2017-12-15 01:28:27 29 [Note] Plugin 'FEDERATED' is disabled.
2017-12-15 01:28:27 29 [Note] InnoDB: Using atomics to ref count buffer pool pages
2017-12-15 01:28:27 29 [Note] InnoDB: The InnoDB memory heap is disabled
2017-12-15 01:28:27 29 [Note] InnoDB: Mutexes and rw_locks use GCC atomic builtins
2017-12-15 01:28:27 29 [Note] InnoDB: Memory barrier is not used
2017-12-15 01:28:27 29 [Note] InnoDB: Compressed tables use zlib 1.2.3
2017-12-15 01:28:27 29 [Note] InnoDB: Using Linux native AIO
2017-12-15 01:28:27 29 [Note] InnoDB: Using CPU crc32 instructions
2017-12-15 01:28:27 29 [Note] InnoDB: Initializing buffer pool, size = 32.0M
2017-12-15 01:28:27 29 [Note] InnoDB: Completed initialization of buffer pool
2017-12-15 01:28:27 29 [Note] InnoDB: Highest supported file format is Barracuda.
2017-12-15 01:28:27 29 [Note] InnoDB: The log sequence numbers 1625987 and 1625987 in ibdata files do not match the log sequence number 1625997 in the ib_logfiles!
2017-12-15 01:28:27 29 [Note] InnoDB: Database was not shutdown normally!
2017-12-15 01:28:27 29 [Note] InnoDB: Starting crash recovery.
2017-12-15 01:28:27 29 [Note] InnoDB: Reading tablespace information from the .ibd files...
2017-12-15 01:28:27 29 [Note] InnoDB: Restoring possible half-written data pages 
2017-12-15 01:28:27 29 [Note] InnoDB: from the doublewrite buffer...
2017-12-15 01:28:28 29 [Note] InnoDB: 128 rollback segment(s) are active.
2017-12-15 01:28:28 29 [Note] InnoDB: Waiting for purge to start
2017-12-15 01:28:28 29 [Note] InnoDB: 5.6.37 started; log sequence number 1625997
2017-12-15 01:28:28 29 [Note] Server hostname (bind-address): '*'; port: 3306
2017-12-15 01:28:28 29 [Note] IPv6 is available.
2017-12-15 01:28:28 29 [Note]   - '::' resolves to '::';
2017-12-15 01:28:28 29 [Note] Server socket created on IP: '::'.
2017-12-15 01:28:28 29 [ERROR] /usr/sbin/mysqld: Table './mysql/user' is marked as crashed and should be repaired
2017-12-15 01:28:28 29 [Warning] Checking table:   './mysql/user'
2017-12-15 01:28:28 29 [ERROR] 1 client is using or hasn't closed the table properly
2017-12-15 01:28:28 29 [Warning] 'user' entry 'root@e24d0b5cccc1' ignored in --skip-name-resolve mode.
2017-12-15 01:28:28 29 [Warning] 'user' entry '@e24d0b5cccc1' ignored in --skip-name-resolve mode.
2017-12-15 01:28:28 29 [Warning] 'proxies_priv' entry '@ root@e24d0b5cccc1' ignored in --skip-name-resolve mode.
2017-12-15 01:28:28 29 [Note] Event Scheduler: Loaded 0 events
2017-12-15 01:28:28 29 [Note] /usr/sbin/mysqld: ready for connections.
Version: '5.6.37'  socket: '/var/run/mysqld/mysqld.sock'  port: 3306  MySQL Community Server (GPL)
2017-12-16 11:36:13 48 [Warning] Using unique option prefix myisam-recover instead of myisam-recover-options is deprecated and will be removed in a future release. Please use the full name instead.
2017-12-16 11:36:13 48 [Note] Plugin 'FEDERATED' is disabled.
2017-12-16 11:36:13 48 [Note] InnoDB: Using atomics to ref count buffer pool pages
2017-12-16 11:36:13 48 [Note] InnoDB: The InnoDB memory heap is disabled
2017-12-16 11:36:13 48 [Note] InnoDB: Mutexes and rw_locks use GCC atomic builtins
2017-12-16 11:36:13 48 [Note] InnoDB: Memory barrier is not used
2017-12-16 11:36:13 48 [Note] InnoDB: Compressed tables use zlib 1.2.3
2017-12-16 11:36:13 48 [Note] InnoDB: Using Linux native AIO
2017-12-16 11:36:13 48 [Note] InnoDB: Using CPU crc32 instructions
2017-12-16 11:36:13 48 [Note] InnoDB: Initializing buffer pool, size = 32.0M
2017-12-16 11:36:13 48 [Note] InnoDB: Completed initialization of buffer pool
2017-12-16 11:36:13 48 [Note] InnoDB: Highest supported file format is Barracuda.
2017-12-16 11:36:13 48 [Note] InnoDB: Log scan progressed past the checkpoint lsn 3713257
2017-12-16 11:36:13 48 [Note] InnoDB: Database was not shutdown normally!
2017-12-16 11:36:13 48 [Note] InnoDB: Starting crash recovery.
2017-12-16 11:36:13 48 [Note] InnoDB: Reading tablespace information from the .ibd files...
2017-12-16 11:36:13 48 [Note] InnoDB: Restoring possible half-written data pages 
2017-12-16 11:36:13 48 [Note] InnoDB: from the doublewrite buffer...
InnoDB: Doing recovery: scanned up to log sequence number 3713267
2017-12-16 11:36:14 48 [Note] InnoDB: 128 rollback segment(s) are active.
2017-12-16 11:36:14 48 [Note] InnoDB: Waiting for purge to start
2017-12-16 11:36:14 48 [Note] InnoDB: 5.6.37 started; log sequence number 3713267
2017-12-16 11:36:14 48 [Note] Server hostname (bind-address): '*'; port: 3306
2017-12-16 11:36:14 48 [Note] IPv6 is available.
2017-12-16 11:36:14 48 [Note]   - '::' resolves to '::';
2017-12-16 11:36:14 48 [Note] Server socket created on IP: '::'.
2017-12-16 11:36:14 48 [Warning] 'user' entry 'root@e24d0b5cccc1' ignored in --skip-name-resolve mode.
2017-12-16 11:36:14 48 [Warning] 'user' entry '@e24d0b5cccc1' ignored in --skip-name-resolve mode.
2017-12-16 11:36:14 48 [Warning] 'proxies_priv' entry '@ root@e24d0b5cccc1' ignored in --skip-name-resolve mode.
2017-12-16 11:36:14 48 [Note] Event Scheduler: Loaded 0 events
2017-12-16 11:36:14 48 [Note] /usr/sbin/mysqld: ready for connections.
Version: '5.6.37'  socket: '/var/run/mysqld/mysqld.sock'  port: 3306  MySQL Community Server (GPL)
2017-12-16 12:43:54 40 [Warning] Using unique option prefix myisam-recover instead of myisam-recover-options is deprecated and will be removed in a future release. Please use the full name instead.
2017-12-16 12:43:54 40 [Note] Plugin 'FEDERATED' is disabled.
2017-12-16 12:43:54 40 [Note] InnoDB: Using atomics to ref count buffer pool pages
2017-12-16 12:43:54 40 [Note] InnoDB: The InnoDB memory heap is disabled
2017-12-16 12:43:54 40 [Note] InnoDB: Mutexes and rw_locks use GCC atomic builtins
2017-12-16 12:43:54 40 [Note] InnoDB: Memory barrier is not used
2017-12-16 12:43:54 40 [Note] InnoDB: Compressed tables use zlib 1.2.3
2017-12-16 12:43:54 40 [Note] InnoDB: Using Linux native AIO
2017-12-16 12:43:54 40 [Note] InnoDB: Using CPU crc32 instructions
2017-12-16 12:43:54 40 [Note] InnoDB: Initializing buffer pool, size = 32.0M
2017-12-16 12:43:54 40 [Note] InnoDB: Completed initialization of buffer pool
2017-12-16 12:43:54 40 [Note] InnoDB: Highest supported file format is Barracuda.
2017-12-16 12:43:54 40 [Note] InnoDB: The log sequence numbers 1625987 and 1625987 in ibdata files do not match the log sequence number 3718758 in the ib_logfiles!
2017-12-16 12:43:54 40 [Note] InnoDB: Database was not shutdown normally!
2017-12-16 12:43:54 40 [Note] InnoDB: Starting crash recovery.
2017-12-16 12:43:54 40 [Note] InnoDB: Reading tablespace information from the .ibd files...
2017-12-16 12:43:54 40 [Note] InnoDB: Restoring possible half-written data pages 
2017-12-16 12:43:54 40 [Note] InnoDB: from the doublewrite buffer...
2017-12-16 12:43:55 40 [Note] InnoDB: 128 rollback segment(s) are active.
2017-12-16 12:43:55 40 [Note] InnoDB: Waiting for purge to start
2017-12-16 12:43:55 40 [Note] InnoDB: 5.6.37 started; log sequence number 3718758
2017-12-16 12:43:55 40 [Note] Server hostname (bind-address): '*'; port: 3306
2017-12-16 12:43:55 40 [Note] IPv6 is available.
2017-12-16 12:43:55 40 [Note]   - '::' resolves to '::';
2017-12-16 12:43:55 40 [Note] Server socket created on IP: '::'.
2017-12-16 12:43:55 40 [Warning] 'user' entry 'root@e24d0b5cccc1' ignored in --skip-name-resolve mode.
2017-12-16 12:43:55 40 [Warning] 'user' entry '@e24d0b5cccc1' ignored in --skip-name-resolve mode.
2017-12-16 12:43:55 40 [Warning] 'proxies_priv' entry '@ root@e24d0b5cccc1' ignored in --skip-name-resolve mode.
2017-12-16 12:43:55 40 [Note] Event Scheduler: Loaded 0 events
2017-12-16 12:43:55 40 [Note] /usr/sbin/mysqld: ready for connections.
Version: '5.6.37'  socket: '/var/run/mysqld/mysqld.sock'  port: 3306  MySQL Community Server (GPL)
2017-12-16 12:44:19 42 [Warning] Using unique option prefix myisam-recover instead of myisam-recover-options is deprecated and will be removed in a future release. Please use the full name instead.
2017-12-16 12:44:19 42 [Note] Plugin 'FEDERATED' is disabled.
2017-12-16 12:44:19 42 [Note] InnoDB: Using atomics to ref count buffer pool pages
2017-12-16 12:44:19 42 [Note] InnoDB: The InnoDB memory heap is disabled
2017-12-16 12:44:19 42 [Note] InnoDB: Mutexes and rw_locks use GCC atomic builtins
2017-12-16 12:44:19 42 [Note] InnoDB: Memory barrier is not used
2017-12-16 12:44:19 42 [Note] InnoDB: Compressed tables use zlib 1.2.3
2017-12-16 12:44:19 42 [Note] InnoDB: Using Linux native AIO
2017-12-16 12:44:19 42 [Note] InnoDB: Using CPU crc32 instructions
2017-12-16 12:44:19 42 [Note] InnoDB: Initializing buffer pool, size = 32.0M
2017-12-16 12:44:19 42 [Note] InnoDB: Completed initialization of buffer pool
2017-12-16 12:44:19 42 [Note] InnoDB: Highest supported file format is Barracuda.
2017-12-16 12:44:19 42 [Note] InnoDB: The log sequence numbers 1625987 and 1625987 in ibdata files do not match the log sequence number 3718802 in the ib_logfiles!
2017-12-16 12:44:19 42 [Note] InnoDB: Database was not shutdown normally!
2017-12-16 12:44:19 42 [Note] InnoDB: Starting crash recovery.
2017-12-16 12:44:19 42 [Note] InnoDB: Reading tablespace information from the .ibd files...
2017-12-16 12:44:19 42 [Note] InnoDB: Restoring possible half-written data pages 
2017-12-16 12:44:19 42 [Note] InnoDB: from the doublewrite buffer...
2017-12-16 12:44:19 42 [Note] InnoDB: 128 rollback segment(s) are active.
2017-12-16 12:44:19 42 [Note] InnoDB: Waiting for purge to start
2017-12-16 12:44:19 42 [Note] InnoDB: 5.6.37 started; log sequence number 3718802
2017-12-16 12:44:19 42 [Note] Server hostname (bind-address): '*'; port: 3306
2017-12-16 12:44:19 42 [Note] IPv6 is available.
2017-12-16 12:44:19 42 [Note]   - '::' resolves to '::';
2017-12-16 12:44:19 42 [Note] Server socket created on IP: '::'.
2017-12-16 12:44:19 42 [Warning] 'user' entry 'root@e24d0b5cccc1' ignored in --skip-name-resolve mode.
2017-12-16 12:44:19 42 [Warning] 'user' entry '@e24d0b5cccc1' ignored in --skip-name-resolve mode.
2017-12-16 12:44:19 42 [Warning] 'proxies_priv' entry '@ root@e24d0b5cccc1' ignored in --skip-name-resolve mode.
2017-12-16 12:44:19 42 [Note] Event Scheduler: Loaded 0 events
2017-12-16 12:44:19 42 [Note] /usr/sbin/mysqld: ready for connections.
Version: '5.6.37'  socket: '/var/run/mysqld/mysqld.sock'  port: 3306  MySQL Community Server (GPL)
